warning: Mensaje Warning
error: Mensaje Error
warning: Mensaje Warning
error: Mensaje Error
2024-07-04T22:41:25.133Z info: Mensaje Info
2024-07-04T22:41:25.134Z warning: Mensaje Warning
2024-07-04T22:41:25.134Z error: Mensaje Error
info: Mensaje Info
info: Conectado a MongoDB
info: Esta aplicación funciona en el puerto 8080
info: Conectado a MongoDB
info: Conexion exitosa a la base de datosinfo: Esta aplicación funciona en el puerto 8080
info: Conectado a MongoDB
info: Conexion exitosa a la base de datos
info: Esta aplicación funciona en el puerto 8080
info: Conectado a MongoDB
info: Conexion exitosa a la base de datos
info: Esta aplicación funciona en el puerto 8080
info: Conectado a MongoDB
info: Conexion exitosa a la base de datos
info: Esta aplicación funciona en el puerto 8080
info: Conectado a MongoDB
info: Conexion exitosa a la base de datos
info: Esta aplicación funciona en el puerto 8080
info: Conectado a MongoDB
info: Conexion exitosa a la base de datos
info: Esta aplicación funciona en el puerto 8080
info: Conectado a MongoDB
info: Conexion exitosa a la base de datos
info: Esta aplicación funciona en el puerto 8080
info: Conectado a MongoDB
info: Conexion exitosa a la base de datos
info: Esta aplicación funciona en el puerto 8080
info: Conectado a MongoDB
info: Conexion exitosa a la base de datos
info: Esta aplicación funciona en el puerto 8080
info: Conectado a MongoDB
info: Conexion exitosa a la base de datos
info: Esta aplicación funciona en el puerto 8080
info: Conectado a MongoDB
info: Conexion exitosa a la base de datos
info: Esta aplicación funciona en el puerto 8080
info: Conectado a MongoDB
info: Conexion exitosa a la base de datos
info: Esta aplicación funciona en el puerto 8080
info: Conectado a MongoDB
info: Conexion exitosa a la base de datos
info: Esta aplicación funciona en el puerto 8080
info: Conectado a MongoDB
info: Conexion exitosa a la base de datos
info: Esta aplicación funciona en el puerto 8080
info: Conectado a MongoDB
info: Conexion exitosa a la base de datos
info: Esta aplicación funciona en el puerto 8080
info: Conectado a MongoDB
info: Conexion exitosa a la base de datos
info: Esta aplicación funciona en el puerto 8080
info: Conectado a MongoDB
info: Conexion exitosa a la base de datos
info: Esta aplicación funciona en el puerto 8080
info: Conectado a MongoDB
info: Conexion exitosa a la base de datos
info: Esta aplicación funciona en el puerto 8080
info: Conectado a MongoDB
info: Conexion exitosa a la base de datos
info: Esta aplicación funciona en el puerto 8080
info: Conectado a MongoDB
info: Conexion exitosa a la base de datos
info: Esta aplicación funciona en el puerto 8080
info: Conectado a MongoDB
info: Conexion exitosa a la base de datos
info: Esta aplicación funciona en el puerto 8080
info: Conectado a MongoDB
info: Conexion exitosa a la base de datos
info: Esta aplicación funciona en el puerto 8080
info: Conectado a MongoDB
info: Conexion exitosa a la base de datos
info: Esta aplicación funciona en el puerto 8080
info: Conectado a MongoDB
info: Conexion exitosa a la base de datos
info: Esta aplicación funciona en el puerto 8080
info: Conectado a MongoDB
info: Conexion exitosa a la base de datos
info: Esta aplicación funciona en el puerto 8080
info: Conectado a MongoDB
info: Conexion exitosa a la base de datos
info: Esta aplicación funciona en el puerto 8080
info: Conectado a MongoDB
info: Conexion exitosa a la base de datos
info: Esta aplicación funciona en el puerto 8080
info: Conectado a MongoDB
info: Conexion exitosa a la base de datos
info: Esta aplicación funciona en el puerto 8080
info: Conectado a MongoDB
info: Conexion exitosa a la base de datos
info: Esta aplicación funciona en el puerto 8080
info: Conectado a MongoDB
info: Conexion exitosa a la base de datos
info: Esta aplicación funciona en el puerto 8080
info: Conectado a MongoDB
info: Conexion exitosa a la base de datos
